<?xml version="1.0" encoding="UTF-8"?>
<!-- Generated by org.testng.reporters.JUnitReportReporter -->
<testsuite hostname="USSPNGOMOTAYO1" failures="0" tests="1" name="com.validateToken.ValidateMyToken" time="10.556" errors="0" timestamp="2019-10-14T20:32:20 CDT" skipped="0">
  <testcase classname="com.validateToken.ValidateMyToken" name="createProfileWithValidData" time="10.556"/>
</testsuite> <!-- com.validateToken.ValidateMyToken -->
